[12-Apr-2025 15:32:28 Europe/Berlin] PHP Warning:  require_once(C:\xampp\htdocs\dashboardpitruca_copia\admin\api/../db_connect.php): Failed to open stream: No such file or directory in C:\xampp\htdocs\dashboardpitruca_copia\admin\api\guardians.php on line 25
[12-Apr-2025 15:32:28 Europe/Berlin] PHP Fatal error:  Uncaught Error: Failed opening required 'C:\xampp\htdocs\dashboardpitruca_copia\admin\api/../db_connect.php' (include_path='C:\xampp\php\PEAR') in C:\xampp\htdocs\dashboardpitruca_copia\admin\api\guardians.php:25
Stack trace:
#0 {main}
  thrown in C:\xampp\htdocs\dashboardpitruca_copia\admin\api\guardians.php on line 25
[12-Apr-2025 15:33:00 Europe/Berlin] PHP Warning:  require_once(C:\xampp\htdocs\dashboardpitruca_copia\admin\api/../db_connect.php): Failed to open stream: No such file or directory in C:\xampp\htdocs\dashboardpitruca_copia\admin\api\guardians.php on line 25
[12-Apr-2025 15:33:00 Europe/Berlin] PHP Fatal error:  Uncaught Error: Failed opening required 'C:\xampp\htdocs\dashboardpitruca_copia\admin\api/../db_connect.php' (include_path='C:\xampp\php\PEAR') in C:\xampp\htdocs\dashboardpitruca_copia\admin\api\guardians.php:25
Stack trace:
#0 {main}
  thrown in C:\xampp\htdocs\dashboardpitruca_copia\admin\api\guardians.php on line 25
[12-Apr-2025 15:33:02 Europe/Berlin] PHP Warning:  require_once(C:\xampp\htdocs\dashboardpitruca_copia\admin\api/../db_connect.php): Failed to open stream: No such file or directory in C:\xampp\htdocs\dashboardpitruca_copia\admin\api\guardians.php on line 25
[12-Apr-2025 15:33:02 Europe/Berlin] PHP Fatal error:  Uncaught Error: Failed opening required 'C:\xampp\htdocs\dashboardpitruca_copia\admin\api/../db_connect.php' (include_path='C:\xampp\php\PEAR') in C:\xampp\htdocs\dashboardpitruca_copia\admin\api\guardians.php:25
Stack trace:
#0 {main}
  thrown in C:\xampp\htdocs\dashboardpitruca_copia\admin\api\guardians.php on line 25
[12-Apr-2025 15:33:03 Europe/Berlin] PHP Warning:  require_once(C:\xampp\htdocs\dashboardpitruca_copia\admin\api/../db_connect.php): Failed to open stream: No such file or directory in C:\xampp\htdocs\dashboardpitruca_copia\admin\api\guardians.php on line 25
[12-Apr-2025 15:33:03 Europe/Berlin] PHP Fatal error:  Uncaught Error: Failed opening required 'C:\xampp\htdocs\dashboardpitruca_copia\admin\api/../db_connect.php' (include_path='C:\xampp\php\PEAR') in C:\xampp\htdocs\dashboardpitruca_copia\admin\api\guardians.php:25
Stack trace:
#0 {main}
  thrown in C:\xampp\htdocs\dashboardpitruca_copia\admin\api\guardians.php on line 25
[12-Apr-2025 15:33:03 Europe/Berlin] PHP Warning:  require_once(C:\xampp\htdocs\dashboardpitruca_copia\admin\api/../db_connect.php): Failed to open stream: No such file or directory in C:\xampp\htdocs\dashboardpitruca_copia\admin\api\guardians.php on line 25
[12-Apr-2025 15:33:03 Europe/Berlin] PHP Fatal error:  Uncaught Error: Failed opening required 'C:\xampp\htdocs\dashboardpitruca_copia\admin\api/../db_connect.php' (include_path='C:\xampp\php\PEAR') in C:\xampp\htdocs\dashboardpitruca_copia\admin\api\guardians.php:25
Stack trace:
#0 {main}
  thrown in C:\xampp\htdocs\dashboardpitruca_copia\admin\api\guardians.php on line 25
[12-Apr-2025 15:33:25 Europe/Berlin] PHP Warning:  require_once(C:\xampp\htdocs\dashboardpitruca_copia\admin\api/../db_connect.php): Failed to open stream: No such file or directory in C:\xampp\htdocs\dashboardpitruca_copia\admin\api\guardians.php on line 25
[12-Apr-2025 15:33:25 Europe/Berlin] PHP Fatal error:  Uncaught Error: Failed opening required 'C:\xampp\htdocs\dashboardpitruca_copia\admin\api/../db_connect.php' (include_path='C:\xampp\php\PEAR') in C:\xampp\htdocs\dashboardpitruca_copia\admin\api\guardians.php:25
Stack trace:
#0 {main}
  thrown in C:\xampp\htdocs\dashboardpitruca_copia\admin\api\guardians.php on line 25
[12-Apr-2025 15:34:26 Europe/Berlin] PHP Warning:  require_once(C:\xampp\htdocs\dashboardpitruca_copia\admin\api/../db_connect.php): Failed to open stream: No such file or directory in C:\xampp\htdocs\dashboardpitruca_copia\admin\api\guardians.php on line 25
[12-Apr-2025 15:34:26 Europe/Berlin] PHP Fatal error:  Uncaught Error: Failed opening required 'C:\xampp\htdocs\dashboardpitruca_copia\admin\api/../db_connect.php' (include_path='C:\xampp\php\PEAR') in C:\xampp\htdocs\dashboardpitruca_copia\admin\api\guardians.php:25
Stack trace:
#0 {main}
  thrown in C:\xampp\htdocs\dashboardpitruca_copia\admin\api\guardians.php on line 25
[12-Apr-2025 15:37:36 Europe/Berlin] PHP Warning:  require_once(C:\xampp\htdocs\dashboardpitruca_copia\admin\api/../db_connect.php): Failed to open stream: No such file or directory in C:\xampp\htdocs\dashboardpitruca_copia\admin\api\guardians.php on line 36
[12-Apr-2025 15:37:36 Europe/Berlin] PHP Fatal error:  Uncaught Error: Failed opening required 'C:\xampp\htdocs\dashboardpitruca_copia\admin\api/../db_connect.php' (include_path='C:\xampp\php\PEAR') in C:\xampp\htdocs\dashboardpitruca_copia\admin\api\guardians.php:36
Stack trace:
#0 {main}
  thrown in C:\xampp\htdocs\dashboardpitruca_copia\admin\api\guardians.php on line 36
[12-Apr-2025 15:37:39 Europe/Berlin] PHP Warning:  require_once(C:\xampp\htdocs\dashboardpitruca_copia\admin\api/../db_connect.php): Failed to open stream: No such file or directory in C:\xampp\htdocs\dashboardpitruca_copia\admin\api\guardians.php on line 36
[12-Apr-2025 15:37:39 Europe/Berlin] PHP Fatal error:  Uncaught Error: Failed opening required 'C:\xampp\htdocs\dashboardpitruca_copia\admin\api/../db_connect.php' (include_path='C:\xampp\php\PEAR') in C:\xampp\htdocs\dashboardpitruca_copia\admin\api\guardians.php:36
Stack trace:
#0 {main}
  thrown in C:\xampp\htdocs\dashboardpitruca_copia\admin\api\guardians.php on line 36
[12-Apr-2025 15:37:41 Europe/Berlin] PHP Warning:  require_once(C:\xampp\htdocs\dashboardpitruca_copia\admin\api/../db_connect.php): Failed to open stream: No such file or directory in C:\xampp\htdocs\dashboardpitruca_copia\admin\api\guardians.php on line 36
[12-Apr-2025 15:37:41 Europe/Berlin] PHP Fatal error:  Uncaught Error: Failed opening required 'C:\xampp\htdocs\dashboardpitruca_copia\admin\api/../db_connect.php' (include_path='C:\xampp\php\PEAR') in C:\xampp\htdocs\dashboardpitruca_copia\admin\api\guardians.php:36
Stack trace:
#0 {main}
  thrown in C:\xampp\htdocs\dashboardpitruca_copia\admin\api\guardians.php on line 36
[12-Apr-2025 15:37:52 Europe/Berlin] PHP Warning:  require_once(C:\xampp\htdocs\dashboardpitruca_copia\admin\api/../db_connect.php): Failed to open stream: No such file or directory in C:\xampp\htdocs\dashboardpitruca_copia\admin\api\guardians.php on line 36
[12-Apr-2025 15:37:52 Europe/Berlin] PHP Fatal error:  Uncaught Error: Failed opening required 'C:\xampp\htdocs\dashboardpitruca_copia\admin\api/../db_connect.php' (include_path='C:\xampp\php\PEAR') in C:\xampp\htdocs\dashboardpitruca_copia\admin\api\guardians.php:36
Stack trace:
#0 {main}
  thrown in C:\xampp\htdocs\dashboardpitruca_copia\admin\api\guardians.php on line 36
[12-Apr-2025 15:40:09 Europe/Berlin] PHP Warning:  require_once(C:\xampp\htdocs\dashboardpitruca_copia\admin\api/../db_connect.php): Failed to open stream: No such file or directory in C:\xampp\htdocs\dashboardpitruca_copia\admin\api\guardians.php on line 32
[12-Apr-2025 15:40:09 Europe/Berlin] PHP Fatal error:  Uncaught Error: Failed opening required 'C:\xampp\htdocs\dashboardpitruca_copia\admin\api/../db_connect.php' (include_path='C:\xampp\php\PEAR') in C:\xampp\htdocs\dashboardpitruca_copia\admin\api\guardians.php:32
Stack trace:
#0 {main}
  thrown in C:\xampp\htdocs\dashboardpitruca_copia\admin\api\guardians.php on line 32
[12-Apr-2025 15:40:11 Europe/Berlin] PHP Warning:  require_once(C:\xampp\htdocs\dashboardpitruca_copia\admin\api/../db_connect.php): Failed to open stream: No such file or directory in C:\xampp\htdocs\dashboardpitruca_copia\admin\api\guardians.php on line 32
[12-Apr-2025 15:40:11 Europe/Berlin] PHP Fatal error:  Uncaught Error: Failed opening required 'C:\xampp\htdocs\dashboardpitruca_copia\admin\api/../db_connect.php' (include_path='C:\xampp\php\PEAR') in C:\xampp\htdocs\dashboardpitruca_copia\admin\api\guardians.php:32
Stack trace:
#0 {main}
  thrown in C:\xampp\htdocs\dashboardpitruca_copia\admin\api\guardians.php on line 32
[12-Apr-2025 15:40:34 Europe/Berlin] PHP Warning:  require_once(C:\xampp\htdocs\dashboardpitruca_copia\admin\api/../db_connect.php): Failed to open stream: No such file or directory in C:\xampp\htdocs\dashboardpitruca_copia\admin\api\guardians.php on line 32
[12-Apr-2025 15:40:34 Europe/Berlin] PHP Fatal error:  Uncaught Error: Failed opening required 'C:\xampp\htdocs\dashboardpitruca_copia\admin\api/../db_connect.php' (include_path='C:\xampp\php\PEAR') in C:\xampp\htdocs\dashboardpitruca_copia\admin\api\guardians.php:32
Stack trace:
#0 {main}
  thrown in C:\xampp\htdocs\dashboardpitruca_copia\admin\api\guardians.php on line 32
[13-Apr-2025 21:12:27 Europe/Berlin] PHP Warning:  require_once(C:\xampp\htdocs\dashboardpitruca_copia\admin\api/../db_connect.php): Failed to open stream: No such file or directory in C:\xampp\htdocs\dashboardpitruca_copia\admin\api\guardians.php on line 32
[13-Apr-2025 21:12:27 Europe/Berlin] PHP Fatal error:  Uncaught Error: Failed opening required 'C:\xampp\htdocs\dashboardpitruca_copia\admin\api/../db_connect.php' (include_path='C:\xampp\php\PEAR') in C:\xampp\htdocs\dashboardpitruca_copia\admin\api\guardians.php:32
Stack trace:
#0 {main}
  thrown in C:\xampp\htdocs\dashboardpitruca_copia\admin\api\guardians.php on line 32
[13-Apr-2025 21:12:38 Europe/Berlin] PHP Warning:  require_once(C:\xampp\htdocs\dashboardpitruca_copia\admin\api/../db_connect.php): Failed to open stream: No such file or directory in C:\xampp\htdocs\dashboardpitruca_copia\admin\api\guardians.php on line 32
[13-Apr-2025 21:12:38 Europe/Berlin] PHP Fatal error:  Uncaught Error: Failed opening required 'C:\xampp\htdocs\dashboardpitruca_copia\admin\api/../db_connect.php' (include_path='C:\xampp\php\PEAR') in C:\xampp\htdocs\dashboardpitruca_copia\admin\api\guardians.php:32
Stack trace:
#0 {main}
  thrown in C:\xampp\htdocs\dashboardpitruca_copia\admin\api\guardians.php on line 32
[13-Apr-2025 21:12:40 Europe/Berlin] PHP Warning:  require_once(C:\xampp\htdocs\dashboardpitruca_copia\admin\api/../db_connect.php): Failed to open stream: No such file or directory in C:\xampp\htdocs\dashboardpitruca_copia\admin\api\guardians.php on line 32
[13-Apr-2025 21:12:40 Europe/Berlin] PHP Fatal error:  Uncaught Error: Failed opening required 'C:\xampp\htdocs\dashboardpitruca_copia\admin\api/../db_connect.php' (include_path='C:\xampp\php\PEAR') in C:\xampp\htdocs\dashboardpitruca_copia\admin\api\guardians.php:32
Stack trace:
#0 {main}
  thrown in C:\xampp\htdocs\dashboardpitruca_copia\admin\api\guardians.php on line 32
[13-Apr-2025 21:12:40 Europe/Berlin] PHP Warning:  require_once(C:\xampp\htdocs\dashboardpitruca_copia\admin\api/../db_connect.php): Failed to open stream: No such file or directory in C:\xampp\htdocs\dashboardpitruca_copia\admin\api\guardians.php on line 32
[13-Apr-2025 21:12:40 Europe/Berlin] PHP Fatal error:  Uncaught Error: Failed opening required 'C:\xampp\htdocs\dashboardpitruca_copia\admin\api/../db_connect.php' (include_path='C:\xampp\php\PEAR') in C:\xampp\htdocs\dashboardpitruca_copia\admin\api\guardians.php:32
Stack trace:
#0 {main}
  thrown in C:\xampp\htdocs\dashboardpitruca_copia\admin\api\guardians.php on line 32
[13-Apr-2025 21:12:41 Europe/Berlin] PHP Warning:  require_once(C:\xampp\htdocs\dashboardpitruca_copia\admin\api/../db_connect.php): Failed to open stream: No such file or directory in C:\xampp\htdocs\dashboardpitruca_copia\admin\api\guardians.php on line 32
[13-Apr-2025 21:12:41 Europe/Berlin] PHP Fatal error:  Uncaught Error: Failed opening required 'C:\xampp\htdocs\dashboardpitruca_copia\admin\api/../db_connect.php' (include_path='C:\xampp\php\PEAR') in C:\xampp\htdocs\dashboardpitruca_copia\admin\api\guardians.php:32
Stack trace:
#0 {main}
  thrown in C:\xampp\htdocs\dashboardpitruca_copia\admin\api\guardians.php on line 32
[13-Apr-2025 21:12:41 Europe/Berlin] PHP Warning:  require_once(C:\xampp\htdocs\dashboardpitruca_copia\admin\api/../db_connect.php): Failed to open stream: No such file or directory in C:\xampp\htdocs\dashboardpitruca_copia\admin\api\guardians.php on line 32
[13-Apr-2025 21:12:41 Europe/Berlin] PHP Fatal error:  Uncaught Error: Failed opening required 'C:\xampp\htdocs\dashboardpitruca_copia\admin\api/../db_connect.php' (include_path='C:\xampp\php\PEAR') in C:\xampp\htdocs\dashboardpitruca_copia\admin\api\guardians.php:32
Stack trace:
#0 {main}
  thrown in C:\xampp\htdocs\dashboardpitruca_copia\admin\api\guardians.php on line 32
[13-Apr-2025 21:12:41 Europe/Berlin] PHP Warning:  require_once(C:\xampp\htdocs\dashboardpitruca_copia\admin\api/../db_connect.php): Failed to open stream: No such file or directory in C:\xampp\htdocs\dashboardpitruca_copia\admin\api\guardians.php on line 32
[13-Apr-2025 21:12:41 Europe/Berlin] PHP Fatal error:  Uncaught Error: Failed opening required 'C:\xampp\htdocs\dashboardpitruca_copia\admin\api/../db_connect.php' (include_path='C:\xampp\php\PEAR') in C:\xampp\htdocs\dashboardpitruca_copia\admin\api\guardians.php:32
Stack trace:
#0 {main}
  thrown in C:\xampp\htdocs\dashboardpitruca_copia\admin\api\guardians.php on line 32
[13-Apr-2025 21:12:41 Europe/Berlin] PHP Warning:  require_once(C:\xampp\htdocs\dashboardpitruca_copia\admin\api/../db_connect.php): Failed to open stream: No such file or directory in C:\xampp\htdocs\dashboardpitruca_copia\admin\api\guardians.php on line 32
[13-Apr-2025 21:12:41 Europe/Berlin] PHP Fatal error:  Uncaught Error: Failed opening required 'C:\xampp\htdocs\dashboardpitruca_copia\admin\api/../db_connect.php' (include_path='C:\xampp\php\PEAR') in C:\xampp\htdocs\dashboardpitruca_copia\admin\api\guardians.php:32
Stack trace:
#0 {main}
  thrown in C:\xampp\htdocs\dashboardpitruca_copia\admin\api\guardians.php on line 32
[13-Apr-2025 21:12:41 Europe/Berlin] PHP Warning:  require_once(C:\xampp\htdocs\dashboardpitruca_copia\admin\api/../db_connect.php): Failed to open stream: No such file or directory in C:\xampp\htdocs\dashboardpitruca_copia\admin\api\guardians.php on line 32
[13-Apr-2025 21:12:41 Europe/Berlin] PHP Fatal error:  Uncaught Error: Failed opening required 'C:\xampp\htdocs\dashboardpitruca_copia\admin\api/../db_connect.php' (include_path='C:\xampp\php\PEAR') in C:\xampp\htdocs\dashboardpitruca_copia\admin\api\guardians.php:32
Stack trace:
#0 {main}
  thrown in C:\xampp\htdocs\dashboardpitruca_copia\admin\api\guardians.php on line 32
[13-Apr-2025 21:12:41 Europe/Berlin] PHP Warning:  require_once(C:\xampp\htdocs\dashboardpitruca_copia\admin\api/../db_connect.php): Failed to open stream: No such file or directory in C:\xampp\htdocs\dashboardpitruca_copia\admin\api\guardians.php on line 32
[13-Apr-2025 21:12:41 Europe/Berlin] PHP Fatal error:  Uncaught Error: Failed opening required 'C:\xampp\htdocs\dashboardpitruca_copia\admin\api/../db_connect.php' (include_path='C:\xampp\php\PEAR') in C:\xampp\htdocs\dashboardpitruca_copia\admin\api\guardians.php:32
Stack trace:
#0 {main}
  thrown in C:\xampp\htdocs\dashboardpitruca_copia\admin\api\guardians.php on line 32
[13-Apr-2025 21:12:42 Europe/Berlin] PHP Warning:  require_once(C:\xampp\htdocs\dashboardpitruca_copia\admin\api/../db_connect.php): Failed to open stream: No such file or directory in C:\xampp\htdocs\dashboardpitruca_copia\admin\api\guardians.php on line 32
[13-Apr-2025 21:12:42 Europe/Berlin] PHP Fatal error:  Uncaught Error: Failed opening required 'C:\xampp\htdocs\dashboardpitruca_copia\admin\api/../db_connect.php' (include_path='C:\xampp\php\PEAR') in C:\xampp\htdocs\dashboardpitruca_copia\admin\api\guardians.php:32
Stack trace:
#0 {main}
  thrown in C:\xampp\htdocs\dashboardpitruca_copia\admin\api\guardians.php on line 32
[13-Apr-2025 21:12:42 Europe/Berlin] PHP Warning:  require_once(C:\xampp\htdocs\dashboardpitruca_copia\admin\api/../db_connect.php): Failed to open stream: No such file or directory in C:\xampp\htdocs\dashboardpitruca_copia\admin\api\guardians.php on line 32
[13-Apr-2025 21:12:42 Europe/Berlin] PHP Fatal error:  Uncaught Error: Failed opening required 'C:\xampp\htdocs\dashboardpitruca_copia\admin\api/../db_connect.php' (include_path='C:\xampp\php\PEAR') in C:\xampp\htdocs\dashboardpitruca_copia\admin\api\guardians.php:32
Stack trace:
#0 {main}
  thrown in C:\xampp\htdocs\dashboardpitruca_copia\admin\api\guardians.php on line 32
[13-Apr-2025 21:12:42 Europe/Berlin] PHP Warning:  require_once(C:\xampp\htdocs\dashboardpitruca_copia\admin\api/../db_connect.php): Failed to open stream: No such file or directory in C:\xampp\htdocs\dashboardpitruca_copia\admin\api\guardians.php on line 32
[13-Apr-2025 21:12:42 Europe/Berlin] PHP Fatal error:  Uncaught Error: Failed opening required 'C:\xampp\htdocs\dashboardpitruca_copia\admin\api/../db_connect.php' (include_path='C:\xampp\php\PEAR') in C:\xampp\htdocs\dashboardpitruca_copia\admin\api\guardians.php:32
Stack trace:
#0 {main}
  thrown in C:\xampp\htdocs\dashboardpitruca_copia\admin\api\guardians.php on line 32
[13-Apr-2025 21:12:42 Europe/Berlin] PHP Warning:  require_once(C:\xampp\htdocs\dashboardpitruca_copia\admin\api/../db_connect.php): Failed to open stream: No such file or directory in C:\xampp\htdocs\dashboardpitruca_copia\admin\api\guardians.php on line 32
[13-Apr-2025 21:12:42 Europe/Berlin] PHP Fatal error:  Uncaught Error: Failed opening required 'C:\xampp\htdocs\dashboardpitruca_copia\admin\api/../db_connect.php' (include_path='C:\xampp\php\PEAR') in C:\xampp\htdocs\dashboardpitruca_copia\admin\api\guardians.php:32
Stack trace:
#0 {main}
  thrown in C:\xampp\htdocs\dashboardpitruca_copia\admin\api\guardians.php on line 32
[13-Apr-2025 21:12:42 Europe/Berlin] PHP Warning:  require_once(C:\xampp\htdocs\dashboardpitruca_copia\admin\api/../db_connect.php): Failed to open stream: No such file or directory in C:\xampp\htdocs\dashboardpitruca_copia\admin\api\guardians.php on line 32
[13-Apr-2025 21:12:44 Europe/Berlin] PHP Fatal error:  Uncaught Error: Failed opening required 'C:\xampp\htdocs\dashboardpitruca_copia\admin\api/../db_connect.php' (include_path='C:\xampp\php\PEAR') in C:\xampp\htdocs\dashboardpitruca_copia\admin\api\guardians.php:32
Stack trace:
#0 {main}
  thrown in C:\xampp\htdocs\dashboardpitruca_copia\admin\api\guardians.php on line 32
[13-Apr-2025 21:14:29 Europe/Berlin] PHP Warning:  require_once(C:\xampp\htdocs\dashboardpitruca_copia\admin\api/../db_connect.php): Failed to open stream: No such file or directory in C:\xampp\htdocs\dashboardpitruca_copia\admin\api\guardians.php on line 32
[13-Apr-2025 21:14:29 Europe/Berlin] PHP Fatal error:  Uncaught Error: Failed opening required 'C:\xampp\htdocs\dashboardpitruca_copia\admin\api/../db_connect.php' (include_path='C:\xampp\php\PEAR') in C:\xampp\htdocs\dashboardpitruca_copia\admin\api\guardians.php:32
Stack trace:
#0 {main}
  thrown in C:\xampp\htdocs\dashboardpitruca_copia\admin\api\guardians.php on line 32
[13-Apr-2025 21:25:16 Europe/Berlin] PHP Warning:  require_once(C:\xampp\htdocs\dashboardpitruca_copia\admin\api/../db_connect.php): Failed to open stream: No such file or directory in C:\xampp\htdocs\dashboardpitruca_copia\admin\api\guardians.php on line 32
[13-Apr-2025 21:25:16 Europe/Berlin] PHP Fatal error:  Uncaught Error: Failed opening required 'C:\xampp\htdocs\dashboardpitruca_copia\admin\api/../db_connect.php' (include_path='C:\xampp\php\PEAR') in C:\xampp\htdocs\dashboardpitruca_copia\admin\api\guardians.php:32
Stack trace:
#0 {main}
  thrown in C:\xampp\htdocs\dashboardpitruca_copia\admin\api\guardians.php on line 32
[13-Apr-2025 21:42:19 Europe/Berlin] PHP Warning:  require_once(C:\xampp\htdocs\dashboardpitruca_copia\admin\api/../db_connect.php): Failed to open stream: No such file or directory in C:\xampp\htdocs\dashboardpitruca_copia\admin\api\guardians.php on line 32
[13-Apr-2025 21:42:19 Europe/Berlin] PHP Fatal error:  Uncaught Error: Failed opening required 'C:\xampp\htdocs\dashboardpitruca_copia\admin\api/../db_connect.php' (include_path='C:\xampp\php\PEAR') in C:\xampp\htdocs\dashboardpitruca_copia\admin\api\guardians.php:32
Stack trace:
#0 {main}
  thrown in C:\xampp\htdocs\dashboardpitruca_copia\admin\api\guardians.php on line 32
[13-Apr-2025 21:42:59 Europe/Berlin] PHP Warning:  require_once(C:\xampp\htdocs\dashboardpitruca_copia\admin\api/../db_connect.php): Failed to open stream: No such file or directory in C:\xampp\htdocs\dashboardpitruca_copia\admin\api\guardians.php on line 32
[13-Apr-2025 21:42:59 Europe/Berlin] PHP Fatal error:  Uncaught Error: Failed opening required 'C:\xampp\htdocs\dashboardpitruca_copia\admin\api/../db_connect.php' (include_path='C:\xampp\php\PEAR') in C:\xampp\htdocs\dashboardpitruca_copia\admin\api\guardians.php:32
Stack trace:
#0 {main}
  thrown in C:\xampp\htdocs\dashboardpitruca_copia\admin\api\guardians.php on line 32
[14-Apr-2025 10:34:00 Europe/Berlin] PHP Warning:  require_once(C:\xampp\htdocs\dashboardpitruca_copia\admin\api/../db_connect.php): Failed to open stream: No such file or directory in C:\xampp\htdocs\dashboardpitruca_copia\admin\api\guardians.php on line 32
[14-Apr-2025 10:34:00 Europe/Berlin] PHP Fatal error:  Uncaught Error: Failed opening required 'C:\xampp\htdocs\dashboardpitruca_copia\admin\api/../db_connect.php' (include_path='C:\xampp\php\PEAR') in C:\xampp\htdocs\dashboardpitruca_copia\admin\api\guardians.php:32
Stack trace:
#0 {main}
  thrown in C:\xampp\htdocs\dashboardpitruca_copia\admin\api\guardians.php on line 32
